[2025-09-13 14:12:28,012] INFO django.utils.autoreload Watching for file changes with StatReloader
[2025-09-13 14:12:28,012] INFO django.utils.autoreload Watching for file changes with StatReloader
[2025-09-13 14:12:28,157] DEBUG django.db.backends (0.002) 
            SELECT
                c.relname,
                CASE
                    WHEN c.relispartition THEN 'p'
                    WHEN c.relkind IN ('m', 'v') THEN 'v'
                    ELSE 't'
                END,
                obj_description(c.oid, 'pg_class')
            FROM pg_catalog.pg_class c
            LEFT JOIN pg_catalog.pg_namespace n ON n.oid = c.relnamespace
            WHERE c.relkind IN ('f', 'm', 'p', 'r', 'v')
                AND n.nspname NOT IN ('pg_catalog', 'pg_toast')
                AND pg_catalog.pg_table_is_visible(c.oid)
        ; args=None; alias=default
[2025-09-13 14:12:28,157] DEBUG django.db.backends (0.002) 
            SELECT
                c.relname,
                CASE
                    WHEN c.relispartition THEN 'p'
                    WHEN c.relkind IN ('m', 'v') THEN 'v'
                    ELSE 't'
                END,
                obj_description(c.oid, 'pg_class')
            FROM pg_catalog.pg_class c
            LEFT JOIN pg_catalog.pg_namespace n ON n.oid = c.relnamespace
            WHERE c.relkind IN ('f', 'm', 'p', 'r', 'v')
                AND n.nspname NOT IN ('pg_catalog', 'pg_toast')
                AND pg_catalog.pg_table_is_visible(c.oid)
        ; args=None; alias=default
[2025-09-13 14:12:28,163] DEBUG django.db.backends (0.002) SELECT "django_migrations"."id", "django_migrations"."app", "django_migrations"."name", "django_migrations"."applied" FROM "django_migrations"; args=(); alias=default
[2025-09-13 14:12:28,163] DEBUG django.db.backends (0.002) SELECT "django_migrations"."id", "django_migrations"."app", "django_migrations"."name", "django_migrations"."applied" FROM "django_migrations"; args=(); alias=default
[2025-09-13 14:12:47,098] DEBUG django.db.backends (0.001) SELECT "authtoken_token"."key", "authtoken_token"."user_id", "authtoken_token"."created", "auth_user"."id", "auth_user"."password", "auth_user"."last_login", "auth_user"."is_superuser", "auth_user"."username", "auth_user"."first_name", "auth_user"."last_name", "auth_user"."email", "auth_user"."is_staff", "auth_user"."is_active", "auth_user"."date_joined" FROM "authtoken_token" INNER JOIN "auth_user" ON ("authtoken_token"."user_id" = "auth_user"."id") WHERE "authtoken_token"."key" = '2519714b4d07dd349efae0fec6dfdd8aadd0b133' LIMIT 21; args=('2519714b4d07dd349efae0fec6dfdd8aadd0b133',); alias=default
[2025-09-13 14:12:47,098] DEBUG django.db.backends (0.001) SELECT "authtoken_token"."key", "authtoken_token"."user_id", "authtoken_token"."created", "auth_user"."id", "auth_user"."password", "auth_user"."last_login", "auth_user"."is_superuser", "auth_user"."username", "auth_user"."first_name", "auth_user"."last_name", "auth_user"."email", "auth_user"."is_staff", "auth_user"."is_active", "auth_user"."date_joined" FROM "authtoken_token" INNER JOIN "auth_user" ON ("authtoken_token"."user_id" = "auth_user"."id") WHERE "authtoken_token"."key" = '2519714b4d07dd349efae0fec6dfdd8aadd0b133' LIMIT 21; args=('2519714b4d07dd349efae0fec6dfdd8aadd0b133',); alias=default
[2025-09-13 14:12:47,101] DEBUG django.db.backends (0.000) SELECT "questions_api_questions"."id", "questions_api_questions"."text", "questions_api_questions"."date_create" FROM "questions_api_questions" ORDER BY "questions_api_questions"."date_create" ASC; args=(); alias=default
[2025-09-13 14:12:47,101] DEBUG django.db.backends (0.000) SELECT "questions_api_questions"."id", "questions_api_questions"."text", "questions_api_questions"."date_create" FROM "questions_api_questions" ORDER BY "questions_api_questions"."date_create" ASC; args=(); alias=default
[2025-09-13 14:12:47,104] INFO django.server "GET /api/v1/questions/ HTTP/1.1" 200 132
[2025-09-13 14:12:47,104] INFO django.server "GET /api/v1/questions/ HTTP/1.1" 200 132
